<?xml version="1.0" encoding="UTF-8"?>
<testsuite name="com.example.com.sonar.demo.ApplicationTests" tests="1" skipped="0" failures="0" errors="0" timestamp="2017-07-26T18:21:35" hostname="LAPTOP-6E299VPF" time="0.04">
  <properties/>
  <testcase name="contextLoads" classname="com.example.com.sonar.demo.ApplicationTests" time="0.04"/>
  <system-out><![CDATA[23:51:30.019 [Test worker] DEBUG org.springframework.test.context.junit4.SpringJUnit4ClassRunner - SpringJUnit4ClassRunner constructor called with [class com.example.com.sonar.demo.ApplicationTests]
23:51:30.032 [Test worker] DEBUG org.springframework.test.context.BootstrapUtils - Instantiating CacheAwareContextLoaderDelegate from class [org.springframework.test.context.cache.DefaultCacheAwareContextLoaderDelegate]
23:51:30.059 [Test worker] DEBUG org.springframework.test.context.BootstrapUtils - Instantiating BootstrapContext using constructor [public org.springframework.test.context.support.DefaultBootstrapContext(java.lang.Class,org.springframework.test.context.CacheAwareContextLoaderDelegate)]
23:51:30.107 [Test worker] DEBUG org.springframework.test.context.BootstrapUtils - Instantiating TestContextBootstrapper for test class [com.example.com.sonar.demo.ApplicationTests] from class [org.springframework.boot.test.context.SpringBootTestContextBootstrapper]
23:51:30.141 [Test worker] INFO org.springframework.boot.test.context.SpringBootTestContextBootstrapper - Neither @ContextConfiguration nor @ContextHierarchy found for test class [com.example.com.sonar.demo.ApplicationTests], using SpringBootContextLoader
23:51:30.152 [Test worker] DEBUG org.springframework.test.context.support.AbstractContextLoader - Did not detect default resource location for test class [com.example.com.sonar.demo.ApplicationTests]: class path resource [com/example/com/sonar/demo/ApplicationTests-context.xml] does not exist
23:51:30.153 [Test worker] DEBUG org.springframework.test.context.support.AbstractContextLoader - Did not detect default resource location for test class [com.example.com.sonar.demo.ApplicationTests]: class path resource [com/example/com/sonar/demo/ApplicationTestsContext.groovy] does not exist
23:51:30.153 [Test worker] INFO org.springframework.test.context.support.AbstractContextLoader - Could not detect default resource locations for test class [com.example.com.sonar.demo.ApplicationTests]: no resource found for suffixes {-context.xml, Context.groovy}.
23:51:30.156 [Test worker] INFO org.springframework.test.context.support.AnnotationConfigContextLoaderUtils - Could not detect default configuration classes for test class [com.example.com.sonar.demo.ApplicationTests]: ApplicationTests does not declare any static, non-private, non-final, nested classes annotated with @Configuration.
23:51:30.257 [Test worker] DEBUG org.springframework.test.context.support.ActiveProfilesUtils - Could not find an 'annotation declaring class' for annotation type [org.springframework.test.context.ActiveProfiles] and class [com.example.com.sonar.demo.ApplicationTests]
23:51:30.290 [Test worker] DEBUG org.springframework.core.env.StandardEnvironment - Adding [systemProperties] PropertySource with lowest search precedence
23:51:30.291 [Test worker] DEBUG org.springframework.core.env.StandardEnvironment - Adding [systemEnvironment] PropertySource with lowest search precedence
23:51:30.292 [Test worker] DEBUG org.springframework.core.env.StandardEnvironment - Initialized StandardEnvironment with PropertySources [systemProperties,systemEnvironment]
23:51:30.325 [Test worker] DEBUG org.springframework.core.io.support.PathMatchingResourcePatternResolver - Resolved classpath location [com/example/com/sonar/demo/] to resources [URL [file:/C:/Users/lenovo/Downloads/com.sonar.demo/com.sonar.demo/build/classes/test/com/example/com/sonar/demo/], URL [file:/C:/Users/lenovo/Downloads/com.sonar.demo/com.sonar.demo/build/classes/main/com/example/com/sonar/demo/]]
23:51:30.326 [Test worker] DEBUG org.springframework.core.io.support.PathMatchingResourcePatternResolver - Looking for matching resources in directory tree [C:\Users\lenovo\Downloads\com.sonar.demo\com.sonar.demo\build\classes\test\com\example\com\sonar\demo]
23:51:30.326 [Test worker] DEBUG org.springframework.core.io.support.PathMatchingResourcePatternResolver - Searching directory [C:\Users\lenovo\Downloads\com.sonar.demo\com.sonar.demo\build\classes\test\com\example\com\sonar\demo] for files matching pattern [C:/Users/lenovo/Downloads/com.sonar.demo/com.sonar.demo/build/classes/test/com/example/com/sonar/demo/*.class]
23:51:30.332 [Test worker] DEBUG org.springframework.core.io.support.PathMatchingResourcePatternResolver - Looking for matching resources in directory tree [C:\Users\lenovo\Downloads\com.sonar.demo\com.sonar.demo\build\classes\main\com\example\com\sonar\demo]
23:51:30.332 [Test worker] DEBUG org.springframework.core.io.support.PathMatchingResourcePatternResolver - Searching directory [C:\Users\lenovo\Downloads\com.sonar.demo\com.sonar.demo\build\classes\main\com\example\com\sonar\demo] for files matching pattern [C:/Users/lenovo/Downloads/com.sonar.demo/com.sonar.demo/build/classes/main/com/example/com/sonar/demo/*.class]
23:51:30.333 [Test worker] DEBUG org.springframework.core.io.support.PathMatchingResourcePatternResolver - Resolved location pattern [classpath*:com/example/com/sonar/demo/*.class] to resources [file [C:\Users\lenovo\Downloads\com.sonar.demo\com.sonar.demo\build\classes\test\com\example\com\sonar\demo\ApplicationTests.class], file [C:\Users\lenovo\Downloads\com.sonar.demo\com.sonar.demo\build\classes\main\com\example\com\sonar\demo\Application.class]]
23:51:30.467 [Test worker] DEBUG org.springframework.context.annotation.ClassPathScanningCandidateComponentProvider - Identified candidate component class: file [C:\Users\lenovo\Downloads\com.sonar.demo\com.sonar.demo\build\classes\main\com\example\com\sonar\demo\Application.class]
23:51:30.471 [Test worker] INFO org.springframework.boot.test.context.SpringBootTestContextBootstrapper - Found @SpringBootConfiguration com.example.com.sonar.demo.Application for test class com.example.com.sonar.demo.ApplicationTests
23:51:30.497 [Test worker] DEBUG org.springframework.boot.test.context.SpringBootTestContextBootstrapper - @TestExecutionListeners is not present for class [com.example.com.sonar.demo.ApplicationTests]: using defaults.
23:51:30.510 [Test worker] INFO org.springframework.boot.test.context.SpringBootTestContextBootstrapper - Loaded default TestExecutionListener class names from location [META-INF/spring.factories]: [org.springframework.boot.test.mock.mockito.MockitoTestExecutionListener, org.springframework.boot.test.mock.mockito.ResetMocksTestExecutionListener, org.springframework.boot.test.autoconfigure.restdocs.RestDocsTestExecutionListener, org.springframework.boot.test.autoconfigure.web.client.MockRestServiceServerResetTestExecutionListener, org.springframework.boot.test.autoconfigure.web.servlet.MockMvcPrintOnlyOnFailureTestExecutionListener, org.springframework.boot.test.autoconfigure.web.servlet.WebDriverTestExecutionListener, org.springframework.test.context.web.ServletTestExecutionListener, org.springframework.test.context.support.DirtiesContextBeforeModesTestExecutionListener, org.springframework.test.context.support.DependencyInjectionTestExecutionListener, org.springframework.test.context.support.DirtiesContextTestExecutionListener, org.springframework.test.context.transaction.TransactionalTestExecutionListener, org.springframework.test.context.jdbc.SqlScriptsTestExecutionListener]
23:51:30.584 [Test worker] INFO org.springframework.boot.test.context.SpringBootTestContextBootstrapper - Could not instantiate TestExecutionListener [org.springframework.test.context.transaction.TransactionalTestExecutionListener]. Specify custom listener classes or make the default listener classes (and their required dependencies) available. Offending class: [org/springframework/transaction/interceptor/TransactionAttributeSource]
23:51:30.586 [Test worker] INFO org.springframework.boot.test.context.SpringBootTestContextBootstrapper - Could not instantiate TestExecutionListener [org.springframework.test.context.jdbc.SqlScriptsTestExecutionListener]. Specify custom listener classes or make the default listener classes (and their required dependencies) available. Offending class: [org/springframework/transaction/interceptor/TransactionAttribute]
23:51:30.587 [Test worker] INFO org.springframework.boot.test.context.SpringBootTestContextBootstrapper - Using TestExecutionListeners: [org.springframework.test.context.web.ServletTestExecutionListener@17b33f2e, org.springframework.test.context.support.DirtiesContextBeforeModesTestExecutionListener@2da742db, org.springframework.boot.test.autoconfigure.SpringBootDependencyInjectionTestExecutionListener@6ba62d3b, org.springframework.test.context.support.DirtiesContextTestExecutionListener@3d04c276, org.springframework.boot.test.mock.mockito.MockitoTestExecutionListener@3340c0b7, org.springframework.boot.test.autoconfigure.restdocs.RestDocsTestExecutionListener@24e6ed9e, org.springframework.boot.test.mock.mockito.ResetMocksTestExecutionListener@7e73d3cc, org.springframework.boot.test.autoconfigure.web.servlet.MockMvcPrintOnlyOnFailureTestExecutionListener@657fb906, org.springframework.boot.test.autoconfigure.web.servlet.WebDriverTestExecutionListener@500f8866, org.springframework.boot.test.autoconfigure.web.client.MockRestServiceServerResetTestExecutionListener@439615e4]
23:51:30.598 [Test worker] DEBUG org.springframework.test.annotation.ProfileValueUtils - Retrieved @ProfileValueSourceConfiguration [null] for test class [com.example.com.sonar.demo.ApplicationTests]
23:51:30.599 [Test worker] DEBUG org.springframework.test.annotation.ProfileValueUtils - Retrieved ProfileValueSource type [class org.springframework.test.annotation.SystemProfileValueSource] for class [com.example.com.sonar.demo.ApplicationTests]
23:51:30.601 [Test worker] DEBUG org.springframework.test.annotation.ProfileValueUtils - Retrieved @ProfileValueSourceConfiguration [null] for test class [com.example.com.sonar.demo.ApplicationTests]
23:51:30.602 [Test worker] DEBUG org.springframework.test.annotation.ProfileValueUtils - Retrieved ProfileValueSource type [class org.springframework.test.annotation.SystemProfileValueSource] for class [com.example.com.sonar.demo.ApplicationTests]
23:51:30.612 [Test worker] DEBUG org.springframework.test.context.support.AbstractDirtiesContextTestExecutionListener - Before test class: context [DefaultTestContext@6f98f0 testClass = ApplicationTests, testInstance = [null], testMethod = [null], testException = [null], mergedContextConfiguration = [WebMergedContextConfiguration@2fa0066e testClass = ApplicationTests, locations = '{}', classes = '{class com.example.com.sonar.demo.Application}', contextInitializerClasses = '[]', activeProfiles = '{}', propertySourceLocations = '{}', propertySourceProperties = '{org.springframework.boot.test.context.SpringBootTestContextBootstrapper=true}', contextCustomizers = set[org.springframework.boot.test.context.SpringBootTestContextCustomizer@33628f68, org.springframework.boot.test.context.filter.ExcludeFilterContextCustomizer@7b3c07d3, org.springframework.boot.test.json.DuplicateJsonObjectContextCustomizerFactory$DuplicateJsonObjectContextCustomizer@128d0664, org.springframework.boot.test.mock.mockito.MockitoContextCustomizer@0, org.springframework.boot.test.autoconfigure.properties.PropertyMappingContextCustomizer@0, org.springframework.boot.test.autoconfigure.web.servlet.WebDriverContextCustomizerFactory$Customizer@419d195b], resourceBasePath = 'src/main/webapp', contextLoader = 'org.springframework.boot.test.context.SpringBootContextLoader', parent = [null]]], class annotated with @DirtiesContext [false] with mode [null].
23:51:30.641 [Test worker] DEBUG org.springframework.test.annotation.ProfileValueUtils - Retrieved @ProfileValueSourceConfiguration [null] for test class [com.example.com.sonar.demo.ApplicationTests]
23:51:30.641 [Test worker] DEBUG org.springframework.test.annotation.ProfileValueUtils - Retrieved ProfileValueSource type [class org.springframework.test.annotation.SystemProfileValueSource] for class [com.example.com.sonar.demo.ApplicationTests]
23:51:30.806 [Test worker] DEBUG org.springframework.core.env.StandardEnvironment - Adding [systemProperties] PropertySource with lowest search precedence
23:51:30.806 [Test worker] DEBUG org.springframework.core.env.StandardEnvironment - Adding [systemEnvironment] PropertySource with lowest search precedence
23:51:30.806 [Test worker] DEBUG org.springframework.core.env.StandardEnvironment - Initialized StandardEnvironment with PropertySources [systemProperties,systemEnvironment]
23:51:30.813 [Test worker] DEBUG org.springframework.core.env.MutablePropertySources - Adding [inline] PropertySource with highest search precedence
23:51:30.826 [Test worker] DEBUG org.springframework.test.context.support.TestPropertySourceUtils - Adding inlined properties to environment: {spring.jmx.enabled=false, org.springframework.boot.test.context.SpringBootTestContextBootstrapper=true, server.port=-1}
23:51:30.828 [Test worker] DEBUG org.springframework.core.env.StandardEnvironment - Adding [Inlined Test Properties] PropertySource with highest search precedence

  .   ____          _            __ _ _
 /\\ / ___'_ __ _ _(_)_ __  __ _ \ \ \ \
( ( )\___ | '_ | '_| | '_ \/ _` | \ \ \ \
 \\/  ___)| |_)| | | | | || (_| |  ) ) ) )
  '  |____| .__|_| |_|_| |_\__, | / / / /
 =========|_|==============|___/=/_/_/_/
 :: Spring Boot ::        (v1.5.5.RELEASE)

2017-07-26 23:51:31.280  INFO 10424 --- [    Test worker] c.e.com.sonar.demo.ApplicationTests      : Starting ApplicationTests on LAPTOP-6E299VPF with PID 10424 (started by lenovo in C:\Users\lenovo\Downloads\com.sonar.demo\com.sonar.demo)
2017-07-26 23:51:31.283  INFO 10424 --- [    Test worker] c.e.com.sonar.demo.ApplicationTests      : No active profile set, falling back to default profiles: default
2017-07-26 23:51:31.366  INFO 10424 --- [    Test worker] o.s.w.c.s.GenericWebApplicationContext   : Refreshing org.springframework.web.context.support.GenericWebApplicationContext@33df244b: startup date [Wed Jul 26 23:51:31 IST 2017]; root of context hierarchy
2017-07-26 23:51:34.686  INFO 10424 --- [    Test worker] s.w.s.m.m.a.RequestMappingHandlerAdapter : Looking for @ControllerAdvice: org.springframework.web.context.support.GenericWebApplicationContext@33df244b: startup date [Wed Jul 26 23:51:31 IST 2017]; root of context hierarchy
2017-07-26 23:51:34.793  INFO 10424 --- [    Test worker] s.w.s.m.m.a.RequestMappingHandlerMapping : Mapped "{[/error]}" onto public org.springframework.http.ResponseEntity<java.util.Map<java.lang.String, java.lang.Object>> org.springframework.boot.autoconfigure.web.BasicErrorController.error(javax.servlet.http.HttpServletRequest)
2017-07-26 23:51:34.796  INFO 10424 --- [    Test worker] s.w.s.m.m.a.RequestMappingHandlerMapping : Mapped "{[/error],produces=[text/html]}" onto public org.springframework.web.servlet.ModelAndView org.springframework.boot.autoconfigure.web.BasicErrorController.errorHtml(javax.servlet.http.HttpServletRequest,javax.servlet.http.HttpServletResponse)
2017-07-26 23:51:34.843  INFO 10424 --- [    Test worker] o.s.w.s.handler.SimpleUrlHandlerMapping  : Mapped URL path [/webjars/**] onto handler of type [class org.springframework.web.servlet.resource.ResourceHttpRequestHandler]
2017-07-26 23:51:34.843  INFO 10424 --- [    Test worker] o.s.w.s.handler.SimpleUrlHandlerMapping  : Mapped URL path [/**] onto handler of type [class org.springframework.web.servlet.resource.ResourceHttpRequestHandler]
2017-07-26 23:51:34.893  INFO 10424 --- [    Test worker] o.s.w.s.handler.SimpleUrlHandlerMapping  : Mapped URL path [/**/favicon.ico] onto handler of type [class org.springframework.web.servlet.resource.ResourceHttpRequestHandler]
2017-07-26 23:51:35.114  INFO 10424 --- [    Test worker] c.e.com.sonar.demo.ApplicationTests      : Started ApplicationTests in 4.265 seconds (JVM running for 9.12)
]]></system-out>
  <system-err><![CDATA[]]></system-err>
</testsuite>
